# JRE version: Java(TM) SE Runtime Environment (8.0_71-b15) (build 1.8.0_71-b15)
# Java VM: Java HotSpot(TM) 64-Bit Server VM (25.71-b15 mixed mode bsd-amd64 compressed oops)
Heap:
 PSYoungGen      total 200704K, used 50208K [0x0000000795580000, 0x00000007a4a80000, 0x00000007c0000000)
  eden space 195584K, 23% used [0x0000000795580000,0x000000079818c9a8,0x00000007a1480000)
  from space 5120K, 99% used [0x00000007a2d00000,0x00000007a31fb960,0x00000007a3200000)
  to   space 20992K, 0% used [0x00000007a3600000,0x00000007a3600000,0x00000007a4a80000)
 ParOldGen       total 110080K, used 50360K [0x0000000740000000, 0x0000000746b80000, 0x0000000795580000)
  object space 110080K, 45% used [0x0000000740000000,0x000000074312e038,0x0000000746b80000)
 Metaspace       used 33963K, capacity 34369K, committed 34816K, reserved 1081344K
  class space    used 3633K, capacity 3744K, committed 3840K, reserved 1048576K
GC Heap History (10 events):
Event: 36.520 GC heap before
{Heap before GC invocations=18 (full 3):
 PSYoungGen      total 136192K, used 115200K [0x0000000795580000, 0x000000079f100000, 0x00000007c0000000)
  eden space 115200K, 100% used [0x0000000795580000,0x000000079c600000,0x000000079c600000)
  from space 20992K, 0% used [0x000000079dc00000,0x000000079dc00000,0x000000079f080000)
  to   space 22016K, 0% used [0x000000079c600000,0x000000079c600000,0x000000079db80000)
 ParOldGen       total 110080K, used 36560K [0x0000000740000000, 0x0000000746b80000, 0x0000000795580000)
  object space 110080K, 33% used [0x0000000740000000,0x00000007423b4250,0x0000000746b80000)
 Metaspace       used 32599K, capacity 32965K, committed 33408K, reserved 1079296K
  class space    used 3599K, capacity 3706K, committed 3712K, reserved 1048576K
Event: 36.529 GC heap after
Heap after GC invocations=18 (full 3):
 PSYoungGen      total 137216K, used 4026K [0x0000000795580000, 0x00000007a2380000, 0x00000007c0000000)
  eden space 115200K, 0% used [0x0000000795580000,0x0000000795580000,0x000000079c600000)
  from space 22016K, 18% used [0x000000079c600000,0x000000079c9eebe0,0x000000079db80000)
  to   space 21504K, 0% used [0x00000007a0e80000,0x00000007a0e80000,0x00000007a2380000)
 ParOldGen       total 110080K, used 36568K [0x0000000740000000, 0x0000000746b80000, 0x0000000795580000)
  object space 110080K, 33% used [0x0000000740000000,0x00000007423b6250,0x0000000746b80000)
 Metaspace       used 32599K, capacity 32965K, committed 33408K, reserved 1079296K
  class space    used 3599K, capacity 3706K, committed 3712K, reserved 1048576K
}
Event: 40.639 GC heap before
{Heap before GC invocations=19 (full 3):
 PSYoungGen      total 137216K, used 119226K [0x0000000795580000, 0x00000007a2380000, 0x00000007c0000000)
  eden space 115200K, 100% used [0x0000000795580000,0x000000079c600000,0x000000079c600000)
  from space 22016K, 18% used [0x000000079c600000,0x000000079c9eebe0,0x000000079db80000)
  to   space 21504K, 0% used [0x00000007a0e80000,0x00000007a0e80000,0x00000007a2380000)
 ParOldGen       total 110080K, used 36568K [0x0000000740000000, 0x0000000746b80000, 0x0000000795580000)
  object space 110080K, 33% used [0x0000000740000000,0x00000007423b6250,0x0000000746b80000)
 Metaspace       used 33076K, capacity 33429K, committed 33664K, reserved 1079296K
  class space    used 3604K, capacity 3710K, committed 3712K, reserved 1048576K
Event: 40.646 GC heap after
Heap after GC invocations=19 (full 3):
 PSYoungGen      total 180224K, used 4862K [0x0000000795580000, 0x00000007a1e00000, 0x00000007c0000000)
  eden space 164352K, 0% used [0x0000000795580000,0x0000000795580000,0x000000079f600000)
  from space 15872K, 30% used [0x00000007a0e80000,0x00000007a133fa70,0x00000007a1e00000)
  to   space 20480K, 0% used [0x000000079f600000,0x000000079f600000,0x00000007a0a00000)
 ParOldGen       total 110080K, used 37432K [0x0000000740000000, 0x0000000746b80000, 0x0000000795580000)
  object space 110080K, 34% used [0x0000000740000000,0x000000074248e188,0x0000000746b80000)
 Metaspace       used 33076K, capacity 33429K, committed 33664K, reserved 1079296K
  class space    used 3604K, capacity 3710K, committed 3712K, reserved 1048576K
}
Event: 53.270 GC heap before
{Heap before GC invocations=20 (full 3):
 PSYoungGen      total 180224K, used 169214K [0x0000000795580000, 0x00000007a1e00000, 0x00000007c0000000)
  eden space 164352K, 100% used [0x0000000795580000,0x000000079f600000,0x000000079f600000)
  from space 15872K, 30% used [0x00000007a0e80000,0x00000007a133fa70,0x00000007a1e00000)
  to   space 20480K, 0% used [0x000000079f600000,0x000000079f600000,0x00000007a0a00000)
 ParOldGen       total 110080K, used 37432K [0x0000000740000000, 0x0000000746b80000, 0x0000000795580000)
  object space 110080K, 34% used [0x0000000740000000,0x000000074248e188,0x0000000746b80000)
 Metaspace       used 33387K, capacity 33749K, committed 34176K, reserved 1079296K
  class space    used 3613K, capacity 3710K, committed 3712K, reserved 1048576K
Event: 53.279 GC heap after
Heap after GC invocations=20 (full 3):
 PSYoungGen      total 184832K, used 11249K [0x0000000795580000, 0x00000007a5e80000, 0x00000007c0000000)
  eden space 164352K, 0% used [0x0000000795580000,0x0000000795580000,0x000000079f600000)
  from space 20480K, 54% used [0x000000079f600000,0x00000007a00fc468,0x00000007a0a00000)
  to   space 20992K, 0% used [0x00000007a4a00000,0x00000007a4a00000,0x00000007a5e80000)
 ParOldGen       total 110080K, used 38764K [0x0000000740000000, 0x0000000746b80000, 0x0000000795580000)
  object space 110080K, 35% used [0x0000000740000000,0x00000007425db188,0x0000000746b80000)
 Metaspace       used 33387K, capacity 33749K, committed 34176K, reserved 1079296K
  class space    used 3613K, capacity 3710K, committed 3712K, reserved 1048576K
}
Event: 73.894 GC heap before
{Heap before GC invocations=21 (full 3):
 PSYoungGen      total 184832K, used 170154K [0x0000000795580000, 0x00000007a5e80000, 0x00000007c0000000)
  eden space 164352K, 96% used [0x0000000795580000,0x000000079f0ae5f0,0x000000079f600000)
  from space 20480K, 54% used [0x000000079f600000,0x00000007a00fc468,0x00000007a0a00000)
  to   space 20992K, 0% used [0x00000007a4a00000,0x00000007a4a00000,0x00000007a5e80000)
 ParOldGen       total 110080K, used 38764K [0x0000000740000000, 0x0000000746b80000, 0x0000000795580000)
  object space 110080K, 35% used [0x0000000740000000,0x00000007425db188,0x0000000746b80000)
 Metaspace       used 33755K, capacity 34101K, committed 34560K, reserved 1079296K
  class space    used 3629K, capacity 3742K, committed 3840K, reserved 1048576K
Event: 73.904 GC heap after
Heap after GC invocations=21 (full 3):
 PSYoungGen      total 218112K, used 14004K [0x0000000795580000, 0x00000007a5800000, 0x00000007c0000000)
  eden space 203776K, 0% used [0x0000000795580000,0x0000000795580000,0x00000007a1c80000)
  from space 14336K, 97% used [0x00000007a4a00000,0x00000007a57ad3d8,0x00000007a5800000)
  to   space 22016K, 0% used [0x00000007a2d00000,0x00000007a2d00000,0x00000007a4280000)
 ParOldGen       total 110080K, used 47994K [0x0000000740000000, 0x0000000746b80000, 0x0000000795580000)
  object space 110080K, 43% used [0x0000000740000000,0x0000000742ede940,0x0000000746b80000)
 Metaspace       used 33755K, capacity 34101K, committed 34560K, reserved 1079296K
  class space    used 3629K, capacity 3742K, committed 3840K, reserved 1048576K
}
Event: 83.234 GC heap before
{Heap before GC invocations=22 (full 3):
 PSYoungGen      total 218112K, used 217780K [0x0000000795580000, 0x00000007a5800000, 0x00000007c0000000)
  eden space 203776K, 100% used [0x0000000795580000,0x00000007a1c80000,0x00000007a1c80000)
  from space 14336K, 97% used [0x00000007a4a00000,0x00000007a57ad3d8,0x00000007a5800000)
  to   space 22016K, 0% used [0x00000007a2d00000,0x00000007a2d00000,0x00000007a4280000)
 ParOldGen       total 110080K, used 47994K [0x0000000740000000, 0x0000000746b80000, 0x0000000795580000)
  object space 110080K, 43% used [0x0000000740000000,0x0000000742ede940,0x0000000746b80000)
 Metaspace       used 33925K, capacity 34293K, committed 34816K, reserved 1081344K
  class space    used 3629K, capacity 3742K, committed 3840K, reserved 1048576K
Event: 83.242 GC heap after
Heap after GC invocations=22 (full 3):
 PSYoungGen      total 200704K, used 5102K [0x0000000795580000, 0x00000007a4a80000, 0x00000007c0000000)
  eden space 195584K, 0% used [0x0000000795580000,0x0000000795580000,0x00000007a1480000)
  from space 5120K, 99% used [0x00000007a2d00000,0x00000007a31fb960,0x00000007a3200000)
  to   space 20992K, 0% used [0x00000007a3600000,0x00000007a3600000,0x00000007a4a80000)
 ParOldGen       total 110080K, used 50360K [0x0000000740000000, 0x0000000746b80000, 0x0000000795580000)
  object space 110080K, 45% used [0x0000000740000000,0x000000074312e038,0x0000000746b80000)
 Metaspace       used 33925K, capacity 34293K, committed 34816K, reserved 1081344K
  class space    used 3629K, capacity 3742K, committed 3840K, reserved 1048576K
}

